{"name":"Log","hostname":"DESKTOP-QSHEBNE","pid":12672,"level":30,"version":"5.82.6","msg":"Ghost is running in development...","time":"2024-05-05T21:35:22.778Z","v":0}
{"name":"Log","hostname":"DESKTOP-QSHEBNE","pid":12672,"level":30,"version":"5.82.6","msg":"Listening on: 127.0.0.1:2368","time":"2024-05-05T21:35:22.781Z","v":0}
{"name":"Log","hostname":"DESKTOP-QSHEBNE","pid":12672,"level":30,"version":"5.82.6","msg":"Url configured as: http://localhost:2368/","time":"2024-05-05T21:35:22.782Z","v":0}
{"name":"Log","hostname":"DESKTOP-QSHEBNE","pid":12672,"level":30,"version":"5.82.6","msg":"Ctrl+C to shut down","time":"2024-05-05T21:35:22.783Z","v":0}
{"name":"Log","hostname":"DESKTOP-QSHEBNE","pid":12672,"level":30,"version":"5.82.6","msg":"Ghost server started in 20.068s","time":"2024-05-05T21:35:22.785Z","v":0}
{"name":"Log","hostname":"DESKTOP-QSHEBNE","pid":12672,"level":40,"version":"5.82.6","msg":"Database state requires initialisation.","time":"2024-05-05T21:35:25.972Z","v":0}
{"name":"Log","hostname":"DESKTOP-QSHEBNE","pid":12672,"level":30,"version":"5.82.6","msg":"Creating table: newsletters","time":"2024-05-05T21:35:30.429Z","v":0}
{"name":"Log","hostname":"DESKTOP-QSHEBNE","pid":12672,"level":30,"version":"5.82.6","msg":"Creating table: posts","time":"2024-05-05T21:35:30.731Z","v":0}
{"name":"Log","hostname":"DESKTOP-QSHEBNE","pid":12672,"level":30,"version":"5.82.6","msg":"Creating table: posts_meta","time":"2024-05-05T21:35:31.160Z","v":0}
{"name":"Log","hostname":"DESKTOP-QSHEBNE","pid":12672,"level":30,"version":"5.82.6","msg":"Creating table: users","time":"2024-05-05T21:35:31.187Z","v":0}
{"name":"Log","hostname":"DESKTOP-QSHEBNE","pid":12672,"level":30,"version":"5.82.6","msg":"Creating table: posts_authors","time":"2024-05-05T21:35:31.205Z","v":0}
{"name":"Log","hostname":"DESKTOP-QSHEBNE","pid":12672,"level":30,"version":"5.82.6","msg":"Creating table: roles","time":"2024-05-05T21:35:31.210Z","v":0}
{"name":"Log","hostname":"DESKTOP-QSHEBNE","pid":12672,"level":30,"version":"5.82.6","msg":"Creating table: roles_users","time":"2024-05-05T21:35:31.227Z","v":0}
{"name":"Log","hostname":"DESKTOP-QSHEBNE","pid":12672,"level":30,"version":"5.82.6","msg":"Creating table: permissions","time":"2024-05-05T21:35:31.233Z","v":0}
{"name":"Log","hostname":"DESKTOP-QSHEBNE","pid":12672,"level":30,"version":"5.82.6","msg":"Creating table: permissions_users","time":"2024-05-05T21:35:31.245Z","v":0}
{"name":"Log","hostname":"DESKTOP-QSHEBNE","pid":12672,"level":30,"version":"5.82.6","msg":"Creating table: permissions_roles","time":"2024-05-05T21:35:31.251Z","v":0}
{"name":"Log","hostname":"DESKTOP-QSHEBNE","pid":12672,"level":30,"version":"5.82.6","msg":"Creating table: settings","time":"2024-05-05T21:35:31.258Z","v":0}
{"name":"Log","hostname":"DESKTOP-QSHEBNE","pid":12672,"level":30,"version":"5.82.6","msg":"Creating table: tags","time":"2024-05-05T21:35:31.269Z","v":0}
{"name":"Log","hostname":"DESKTOP-QSHEBNE","pid":12672,"level":30,"version":"5.82.6","msg":"Creating table: posts_tags","time":"2024-05-05T21:35:31.281Z","v":0}
{"name":"Log","hostname":"DESKTOP-QSHEBNE","pid":12672,"level":30,"version":"5.82.6","msg":"Creating table: invites","time":"2024-05-05T21:35:31.288Z","v":0}
{"name":"Log","hostname":"DESKTOP-QSHEBNE","pid":12672,"level":30,"version":"5.82.6","msg":"Creating table: brute","time":"2024-05-05T21:35:31.303Z","v":0}
{"name":"Log","hostname":"DESKTOP-QSHEBNE","pid":12672,"level":30,"version":"5.82.6","msg":"Creating table: sessions","time":"2024-05-05T21:35:31.309Z","v":0}
{"name":"Log","hostname":"DESKTOP-QSHEBNE","pid":12672,"level":30,"version":"5.82.6","msg":"Creating table: integrations","time":"2024-05-05T21:35:31.321Z","v":0}
{"name":"Log","hostname":"DESKTOP-QSHEBNE","pid":12672,"level":30,"version":"5.82.6","msg":"Creating table: webhooks","time":"2024-05-05T21:35:31.344Z","v":0}
{"name":"Log","hostname":"DESKTOP-QSHEBNE","pid":12672,"level":30,"version":"5.82.6","msg":"Creating table: api_keys","time":"2024-05-05T21:35:31.349Z","v":0}
{"name":"Log","hostname":"DESKTOP-QSHEBNE","pid":12672,"level":30,"version":"5.82.6","msg":"Creating table: mobiledoc_revisions","time":"2024-05-05T21:35:31.367Z","v":0}
{"name":"Log","hostname":"DESKTOP-QSHEBNE","pid":12672,"level":30,"version":"5.82.6","msg":"Creating table: post_revisions","time":"2024-05-05T21:35:31.378Z","v":0}
{"name":"Log","hostname":"DESKTOP-QSHEBNE","pid":12672,"level":30,"version":"5.82.6","msg":"Creating table: members","time":"2024-05-05T21:35:31.390Z","v":0}
{"name":"Log","hostname":"DESKTOP-QSHEBNE","pid":12672,"level":30,"version":"5.82.6","msg":"Creating table: products","time":"2024-05-05T21:35:31.416Z","v":0}
{"name":"Log","hostname":"DESKTOP-QSHEBNE","pid":12672,"level":30,"version":"5.82.6","msg":"Creating table: offers","time":"2024-05-05T21:35:31.428Z","v":0}
{"name":"Log","hostname":"DESKTOP-QSHEBNE","pid":12672,"level":30,"version":"5.82.6","msg":"Creating table: benefits","time":"2024-05-05T21:35:31.448Z","v":0}
{"name":"Log","hostname":"DESKTOP-QSHEBNE","pid":12672,"level":30,"version":"5.82.6","msg":"Creating table: products_benefits","time":"2024-05-05T21:35:31.458Z","v":0}
{"name":"Log","hostname":"DESKTOP-QSHEBNE","pid":12672,"level":30,"version":"5.82.6","msg":"Creating table: members_products","time":"2024-05-05T21:35:31.464Z","v":0}
{"name":"Log","hostname":"DESKTOP-QSHEBNE","pid":12672,"level":30,"version":"5.82.6","msg":"Creating table: posts_products","time":"2024-05-05T21:35:31.470Z","v":0}
{"name":"Log","hostname":"DESKTOP-QSHEBNE","pid":12672,"level":30,"version":"5.82.6","msg":"Creating table: members_created_events","time":"2024-05-05T21:35:31.476Z","v":0}
{"name":"Log","hostname":"DESKTOP-QSHEBNE","pid":12672,"level":30,"version":"5.82.6","msg":"Creating table: members_cancel_events","time":"2024-05-05T21:35:31.492Z","v":0}
{"name":"Log","hostname":"DESKTOP-QSHEBNE","pid":12672,"level":30,"version":"5.82.6","msg":"Creating table: members_payment_events","time":"2024-05-05T21:35:31.499Z","v":0}
{"name":"Log","hostname":"DESKTOP-QSHEBNE","pid":12672,"level":30,"version":"5.82.6","msg":"Creating table: members_login_events","time":"2024-05-05T21:35:31.506Z","v":0}
{"name":"Log","hostname":"DESKTOP-QSHEBNE","pid":12672,"level":30,"version":"5.82.6","msg":"Creating table: members_email_change_events","time":"2024-05-05T21:35:31.512Z","v":0}
{"name":"Log","hostname":"DESKTOP-QSHEBNE","pid":12672,"level":30,"version":"5.82.6","msg":"Creating table: members_status_events","time":"2024-05-05T21:35:31.518Z","v":0}
{"name":"Log","hostname":"DESKTOP-QSHEBNE","pid":12672,"level":30,"version":"5.82.6","msg":"Creating table: members_product_events","time":"2024-05-05T21:35:31.525Z","v":0}
{"name":"Log","hostname":"DESKTOP-QSHEBNE","pid":12672,"level":30,"version":"5.82.6","msg":"Creating table: members_paid_subscription_events","time":"2024-05-05T21:35:31.531Z","v":0}
{"name":"Log","hostname":"DESKTOP-QSHEBNE","pid":12672,"level":30,"version":"5.82.6","msg":"Creating table: labels","time":"2024-05-05T21:35:31.537Z","v":0}
{"name":"Log","hostname":"DESKTOP-QSHEBNE","pid":12672,"level":30,"version":"5.82.6","msg":"Creating table: members_labels","time":"2024-05-05T21:35:31.552Z","v":0}
{"name":"Log","hostname":"DESKTOP-QSHEBNE","pid":12672,"level":30,"version":"5.82.6","msg":"Creating table: members_stripe_customers","time":"2024-05-05T21:35:31.557Z","v":0}
{"name":"Log","hostname":"DESKTOP-QSHEBNE","pid":12672,"level":30,"version":"5.82.6","msg":"Creating table: subscriptions","time":"2024-05-05T21:35:31.569Z","v":0}
{"name":"Log","hostname":"DESKTOP-QSHEBNE","pid":12672,"level":30,"version":"5.82.6","msg":"Creating table: members_stripe_customers_subscriptions","time":"2024-05-05T21:35:31.576Z","v":0}
{"name":"Log","hostname":"DESKTOP-QSHEBNE","pid":12672,"level":30,"version":"5.82.6","msg":"Creating table: members_subscription_created_events","time":"2024-05-05T21:35:31.591Z","v":0}
{"name":"Log","hostname":"DESKTOP-QSHEBNE","pid":12672,"level":30,"version":"5.82.6","msg":"Creating table: offer_redemptions","time":"2024-05-05T21:35:31.604Z","v":0}
{"name":"Log","hostname":"DESKTOP-QSHEBNE","pid":12672,"level":30,"version":"5.82.6","msg":"Creating table: members_subscribe_events","time":"2024-05-05T21:35:31.609Z","v":0}
{"name":"Log","hostname":"DESKTOP-QSHEBNE","pid":12672,"level":30,"version":"5.82.6","msg":"Creating table: donation_payment_events","time":"2024-05-05T21:35:31.616Z","v":0}
{"name":"Log","hostname":"DESKTOP-QSHEBNE","pid":12672,"level":30,"version":"5.82.6","msg":"Creating table: stripe_products","time":"2024-05-05T21:35:31.628Z","v":0}
{"name":"Log","hostname":"DESKTOP-QSHEBNE","pid":12672,"level":30,"version":"5.82.6","msg":"Creating table: stripe_prices","time":"2024-05-05T21:35:31.639Z","v":0}
{"name":"Log","hostname":"DESKTOP-QSHEBNE","pid":12672,"level":30,"version":"5.82.6","msg":"Creating table: actions","time":"2024-05-05T21:35:31.651Z","v":0}
{"name":"Log","hostname":"DESKTOP-QSHEBNE","pid":12672,"level":30,"version":"5.82.6","msg":"Creating table: emails","time":"2024-05-05T21:35:31.658Z","v":0}
{"name":"Log","hostname":"DESKTOP-QSHEBNE","pid":12672,"level":30,"version":"5.82.6","msg":"Creating table: email_batches","time":"2024-05-05T21:35:31.732Z","v":0}
{"name":"Log","hostname":"DESKTOP-QSHEBNE","pid":12672,"level":30,"version":"5.82.6","msg":"Creating table: email_recipients","time":"2024-05-05T21:35:31.738Z","v":0}
{"name":"Log","hostname":"DESKTOP-QSHEBNE","pid":12672,"level":30,"version":"5.82.6","msg":"Creating table: email_recipient_failures","time":"2024-05-05T21:35:31.781Z","v":0}
{"name":"Log","hostname":"DESKTOP-QSHEBNE","pid":12672,"level":30,"version":"5.82.6","msg":"Creating table: tokens","time":"2024-05-05T21:35:31.788Z","v":0}
{"name":"Log","hostname":"DESKTOP-QSHEBNE","pid":12672,"level":30,"version":"5.82.6","msg":"Creating table: snippets","time":"2024-05-05T21:35:31.799Z","v":0}
{"name":"Log","hostname":"DESKTOP-QSHEBNE","pid":12672,"level":30,"version":"5.82.6","msg":"Creating table: custom_theme_settings","time":"2024-05-05T21:35:31.817Z","v":0}
{"name":"Log","hostname":"DESKTOP-QSHEBNE","pid":12672,"level":30,"version":"5.82.6","msg":"Creating table: members_newsletters","time":"2024-05-05T21:35:31.824Z","v":0}
{"name":"Log","hostname":"DESKTOP-QSHEBNE","pid":12672,"level":30,"version":"5.82.6","msg":"Creating table: comments","time":"2024-05-05T21:35:31.835Z","v":0}
{"name":"Log","hostname":"DESKTOP-QSHEBNE","pid":12672,"level":30,"version":"5.82.6","msg":"Creating table: comment_likes","time":"2024-05-05T21:35:31.841Z","v":0}
{"name":"Log","hostname":"DESKTOP-QSHEBNE","pid":12672,"level":30,"version":"5.82.6","msg":"Creating table: comment_reports","time":"2024-05-05T21:35:31.846Z","v":0}
{"name":"Log","hostname":"DESKTOP-QSHEBNE","pid":12672,"level":30,"version":"5.82.6","msg":"Creating table: jobs","time":"2024-05-05T21:35:31.852Z","v":0}
{"name":"Log","hostname":"DESKTOP-QSHEBNE","pid":12672,"level":30,"version":"5.82.6","msg":"Creating table: redirects","time":"2024-05-05T21:35:31.864Z","v":0}
{"name":"Log","hostname":"DESKTOP-QSHEBNE","pid":12672,"level":30,"version":"5.82.6","msg":"Creating table: members_click_events","time":"2024-05-05T21:35:31.870Z","v":0}
{"name":"Log","hostname":"DESKTOP-QSHEBNE","pid":12672,"level":30,"version":"5.82.6","msg":"Creating table: members_feedback","time":"2024-05-05T21:35:31.876Z","v":0}
{"name":"Log","hostname":"DESKTOP-QSHEBNE","pid":12672,"level":30,"version":"5.82.6","msg":"Creating table: suppressions","time":"2024-05-05T21:35:31.882Z","v":0}
{"name":"Log","hostname":"DESKTOP-QSHEBNE","pid":12672,"level":30,"version":"5.82.6","msg":"Creating table: email_spam_complaint_events","time":"2024-05-05T21:35:31.893Z","v":0}
{"name":"Log","hostname":"DESKTOP-QSHEBNE","pid":12672,"level":30,"version":"5.82.6","msg":"Creating table: mentions","time":"2024-05-05T21:35:31.903Z","v":0}
{"name":"Log","hostname":"DESKTOP-QSHEBNE","pid":12672,"level":30,"version":"5.82.6","msg":"Creating table: milestones","time":"2024-05-05T21:35:31.909Z","v":0}
{"name":"Log","hostname":"DESKTOP-QSHEBNE","pid":12672,"level":30,"version":"5.82.6","msg":"Creating table: temp_mail_events","time":"2024-05-05T21:35:31.914Z","v":0}
{"name":"Log","hostname":"DESKTOP-QSHEBNE","pid":12672,"level":30,"version":"5.82.6","msg":"Creating table: collections","time":"2024-05-05T21:35:31.920Z","v":0}
{"name":"Log","hostname":"DESKTOP-QSHEBNE","pid":12672,"level":30,"version":"5.82.6","msg":"Creating table: collections_posts","time":"2024-05-05T21:35:31.930Z","v":0}
{"name":"Log","hostname":"DESKTOP-QSHEBNE","pid":12672,"level":30,"version":"5.82.6","msg":"Creating table: recommendations","time":"2024-05-05T21:35:31.944Z","v":0}
{"name":"Log","hostname":"DESKTOP-QSHEBNE","pid":12672,"level":30,"version":"5.82.6","msg":"Creating table: recommendation_click_events","time":"2024-05-05T21:35:31.950Z","v":0}
{"name":"Log","hostname":"DESKTOP-QSHEBNE","pid":12672,"level":30,"version":"5.82.6","msg":"Creating table: recommendation_subscribe_events","time":"2024-05-05T21:35:31.957Z","v":0}
{"name":"Log","hostname":"DESKTOP-QSHEBNE","pid":12672,"level":30,"version":"5.82.6","msg":"Model: Collection","time":"2024-05-05T21:35:32.577Z","v":0}
{"name":"Log","hostname":"DESKTOP-QSHEBNE","pid":12672,"level":30,"version":"5.82.6","msg":"Model: Product","time":"2024-05-05T21:35:32.584Z","v":0}
{"name":"Log","hostname":"DESKTOP-QSHEBNE","pid":12672,"level":30,"version":"5.82.6","msg":"Model: Newsletter","time":"2024-05-05T21:35:32.594Z","v":0}
{"name":"Log","hostname":"DESKTOP-QSHEBNE","pid":12672,"level":30,"version":"5.82.6","msg":"Model: Tag","time":"2024-05-05T21:35:32.601Z","v":0}
{"name":"Log","hostname":"DESKTOP-QSHEBNE","pid":12672,"level":30,"version":"5.82.6","msg":"Model: Permission","time":"2024-05-05T21:35:32.608Z","v":0}
{"name":"Log","hostname":"DESKTOP-QSHEBNE","pid":12672,"level":30,"version":"5.82.6","msg":"Model: Post","time":"2024-05-05T21:35:32.879Z","v":0}
{"name":"Log","hostname":"DESKTOP-QSHEBNE","pid":12672,"level":30,"version":"5.82.6","msg":"Model: Integration","time":"2024-05-05T21:35:39.988Z","v":0}
{"name":"Log","hostname":"DESKTOP-QSHEBNE","pid":12672,"level":30,"version":"5.82.6","msg":"Relation: Role to Permission","time":"2024-05-05T21:35:40.064Z","v":0}
{"name":"Log","hostname":"DESKTOP-QSHEBNE","pid":12672,"level":30,"version":"5.82.6","msg":"Relation: Post to Tag","time":"2024-05-05T21:35:40.337Z","v":0}
{"name":"Log","hostname":"DESKTOP-QSHEBNE","pid":12672,"level":30,"version":"5.82.6","msg":"Database is in a ready state.","time":"2024-05-05T21:35:40.457Z","v":0}
{"name":"Log","hostname":"DESKTOP-QSHEBNE","pid":12672,"level":30,"version":"5.82.6","msg":"Ghost database ready in 37.743s","time":"2024-05-05T21:35:40.460Z","v":0}
{"name":"Log","hostname":"DESKTOP-QSHEBNE","pid":12672,"level":40,"version":"5.82.6","msg":"Missing mail.from config, falling back to a generated email address. Please update your config file and set a valid from address","time":"2024-05-05T21:35:42.298Z","v":0}
{"name":"Log","hostname":"DESKTOP-QSHEBNE","pid":12672,"level":50,"version":"5.82.6","err":{"id":"71565c90-0b27-11ef-9bfe-b79043c02498","domain":"http://localhost:2368/","code":"ENOENT","name":"InternalServerError","statusCode":500,"level":"critical","message":"Unable to activate the theme \"source\".","stack":"Error: ENOENT: no such file or directory, copyfile 'C:\\Users\\najoh\\Escritorio\\Files\\Ghost\\versions\\5.82.6\\core\\frontend\\src\\admin-auth\\index.html' -> 'C:\\Users\\najoh\\Escritorio\\Files\\Ghost\\content\\public\\admin-auth\\index.html'\n    at Bridge.activateTheme (C:\\Users\\najoh\\Escritorio\\Files\\Ghost\\versions\\5.82.6\\core\\bridge.js:76:27)","hideStack":false},"msg":"Unable to activate the theme \"source\".","time":"2024-05-05T21:35:50.492Z","v":0}
{"name":"Log","hostname":"DESKTOP-QSHEBNE","pid":12672,"level":30,"version":"5.82.6","msg":"Ghost URL Service Ready in 65.154s","time":"2024-05-05T21:36:07.871Z","v":0}
{"name":"Log","hostname":"DESKTOP-QSHEBNE","pid":12672,"level":30,"version":"5.82.6","msg":"Adding offloaded job to the queue","time":"2024-05-05T21:36:10.542Z","v":0}
{"name":"Log","hostname":"DESKTOP-QSHEBNE","pid":12672,"level":30,"version":"5.82.6","msg":"Scheduling job mentions-email-report at 13 48 * * * *. Next run on: Sun May 05 2024 16:48:13 GMT-0500 (hora estándar de Colombia)","time":"2024-05-05T21:36:10.556Z","v":0}
{"name":"Log","hostname":"DESKTOP-QSHEBNE","pid":12672,"level":30,"version":"5.82.6","msg":"Adding one-off job to queue with current length = 0 called 'members-migrations'","time":"2024-05-05T21:36:15.922Z","v":0}
{"name":"Log","hostname":"DESKTOP-QSHEBNE","pid":12672,"level":30,"version":"5.82.6","msg":"Stripe not configured - skipping migrations","time":"2024-05-05T21:36:15.935Z","v":0}
{"name":"Log","hostname":"DESKTOP-QSHEBNE","pid":12672,"level":30,"version":"5.82.6","msg":"Adding offloaded job to the queue","time":"2024-05-05T21:36:16.310Z","v":0}
{"name":"Log","hostname":"DESKTOP-QSHEBNE","pid":12672,"level":30,"version":"5.82.6","msg":"Scheduling job clean-expired-comped at 43 6 3 * * *. Next run on: Mon May 06 2024 03:06:43 GMT-0500 (hora estándar de Colombia)","time":"2024-05-05T21:36:16.315Z","v":0}
{"name":"Log","hostname":"DESKTOP-QSHEBNE","pid":12672,"level":30,"version":"5.82.6","msg":"Adding offloaded job to the queue","time":"2024-05-05T21:36:16.323Z","v":0}
{"name":"Log","hostname":"DESKTOP-QSHEBNE","pid":12672,"level":30,"version":"5.82.6","msg":"Scheduling job clean-tokens at 55 14 19 * * *. Next run on: Sun May 05 2024 19:14:55 GMT-0500 (hora estándar de Colombia)","time":"2024-05-05T21:36:16.329Z","v":0}
{"name":"Log","hostname":"DESKTOP-QSHEBNE","pid":12672,"level":30,"version":"5.82.6","msg":"Ghost booted in 73.632s","time":"2024-05-05T21:36:16.348Z","v":0}
{"name":"Log","hostname":"DESKTOP-QSHEBNE","pid":12672,"level":30,"version":"5.82.6","msg":"Adding offloaded job to the queue","time":"2024-05-05T21:36:16.358Z","v":0}
{"name":"Log","hostname":"DESKTOP-QSHEBNE","pid":12672,"level":30,"version":"5.82.6","msg":"Scheduling job update-check at 44 2 12 * * *. Next run on: Mon May 06 2024 12:02:44 GMT-0500 (hora estándar de Colombia)","time":"2024-05-05T21:36:16.362Z","v":0}
{"name":"Log","hostname":"DESKTOP-QSHEBNE","pid":12672,"level":30,"version":"5.82.6","msg":"Running milestone emails job on Sun May 05 2024 16:36:21 GMT-0500 (hora estándar de Colombia)","time":"2024-05-05T21:36:16.381Z","v":0}
